--- adb starting (pid 1126) ---
adb I 05-20 19:59:53  1126 53907 main.cpp:57] Android Debug Bridge version 1.0.39
adb I 05-20 19:59:53  1126 53907 main.cpp:57] Version 0.0.1-4500957
adb I 05-20 19:59:53  1126 53907 main.cpp:57] Installed as /Users/gopikrishna/Library/Android/sdk/platform-tools/adb
adb I 05-20 19:59:53  1126 53907 main.cpp:57] 
adb I 05-20 19:59:53  1126 53907 adb_auth_host.cpp:416] adb_auth_init...
adb I 05-20 19:59:53  1126 53907 adb_auth_host.cpp:174] read_key_file '/Users/gopikrishna/.android/adbkey'...
adb server killed by remote request
--- adb starting (pid 2319) ---
adb I 06-02 20:54:38  2319 124729 main.cpp:57] Android Debug Bridge version 1.0.39
adb I 06-02 20:54:38  2319 124729 main.cpp:57] Version 0.0.1-4500957
adb I 06-02 20:54:38  2319 124729 main.cpp:57] Installed as /Users/gopiy/Library/Android/sdk/platform-tools/adb
adb I 06-02 20:54:38  2319 124729 main.cpp:57] 
adb I 06-02 20:54:39  2319 124729 adb_auth_host.cpp:416] adb_auth_init...
adb I 06-02 20:54:39  2319 124729 adb_auth_host.cpp:174] read_key_file '/Users/gopiy/.android/adbkey'...
--- adb starting (pid 1169) ---
adb I 06-03 01:49:15  1169 23854 main.cpp:57] Android Debug Bridge version 1.0.39
adb I 06-03 01:49:15  1169 23854 main.cpp:57] Version 0.0.1-4500957
adb I 06-03 01:49:15  1169 23854 main.cpp:57] Installed as /Users/gopiy/Library/Android/sdk/platform-tools/adb
adb I 06-03 01:49:15  1169 23854 main.cpp:57] 
adb I 06-03 01:49:15  1169 23854 adb_auth_host.cpp:416] adb_auth_init...
adb I 06-03 01:49:15  1169 23854 adb_auth_host.cpp:174] read_key_file '/Users/gopiy/.android/adbkey'...
--- adb starting (pid 1620) ---
adb I 06-04 23:08:41  1620 48979 main.cpp:57] Android Debug Bridge version 1.0.39
adb I 06-04 23:08:41  1620 48979 main.cpp:57] Version 0.0.1-4500957
adb I 06-04 23:08:41  1620 48979 main.cpp:57] Installed as /Users/gopiy/Library/Android/sdk/platform-tools/adb
adb I 06-04 23:08:41  1620 48979 main.cpp:57] 
adb I 06-04 23:08:41  1620 48979 adb_auth_host.cpp:416] adb_auth_init...
adb I 06-04 23:08:41  1620 48979 adb_auth_host.cpp:174] read_key_file '/Users/gopiy/.android/adbkey'...
--- adb starting (pid 1669) ---
adb I 06-05 22:46:30  1669 39268 main.cpp:57] Android Debug Bridge version 1.0.39
adb I 06-05 22:46:30  1669 39268 main.cpp:57] Version 0.0.1-4500957
adb I 06-05 22:46:30  1669 39268 main.cpp:57] Installed as /Users/gopiy/Library/Android/sdk/platform-tools/adb
adb I 06-05 22:46:30  1669 39268 main.cpp:57] 
adb I 06-05 22:46:30  1669 39268 adb_auth_host.cpp:416] adb_auth_init...
adb I 06-05 22:46:30  1669 39268 adb_auth_host.cpp:174] read_key_file '/Users/gopiy/.android/adbkey'...
--- adb starting (pid 1680) ---
adb I 06-07 00:19:33  1680 79405 main.cpp:57] Android Debug Bridge version 1.0.39
adb I 06-07 00:19:33  1680 79405 main.cpp:57] Version 0.0.1-4500957
adb I 06-07 00:19:33  1680 79405 main.cpp:57] Installed as /Users/gopiy/Library/Android/sdk/platform-tools/adb
adb I 06-07 00:19:33  1680 79405 main.cpp:57] 
adb I 06-07 00:19:33  1680 79405 adb_auth_host.cpp:416] adb_auth_init...
adb I 06-07 00:19:33  1680 79405 adb_auth_host.cpp:174] read_key_file '/Users/gopiy/.android/adbkey'...
--- adb starting (pid 3905) ---
adb I 06-10 23:27:30  3905 142643 main.cpp:57] Android Debug Bridge version 1.0.39
adb I 06-10 23:27:30  3905 142643 main.cpp:57] Version 0.0.1-4500957
adb I 06-10 23:27:30  3905 142643 main.cpp:57] Installed as /Users/gopiy/Library/Android/sdk/platform-tools/adb
adb I 06-10 23:27:30  3905 142643 main.cpp:57] 
adb I 06-10 23:27:30  3905 142643 adb_auth_host.cpp:416] adb_auth_init...
adb I 06-10 23:27:30  3905 142643 adb_auth_host.cpp:174] read_key_file '/Users/gopiy/.android/adbkey'...
--- adb starting (pid 1252) ---
adb I 06-11 23:26:16  1252 42546 main.cpp:57] Android Debug Bridge version 1.0.39
adb I 06-11 23:26:16  1252 42546 main.cpp:57] Version 0.0.1-4500957
adb I 06-11 23:26:16  1252 42546 main.cpp:57] Installed as /Users/gopiy/Library/Android/sdk/platform-tools/adb
adb I 06-11 23:26:16  1252 42546 main.cpp:57] 
adb I 06-11 23:26:16  1252 42546 adb_auth_host.cpp:416] adb_auth_init...
adb I 06-11 23:26:16  1252 42546 adb_auth_host.cpp:174] read_key_file '/Users/gopiy/.android/adbkey'...
--- adb starting (pid 3655) ---
adb I 06-12 18:57:02  3655 190375 main.cpp:57] Android Debug Bridge version 1.0.39
adb I 06-12 18:57:02  3655 190375 main.cpp:57] Version 0.0.1-4500957
adb I 06-12 18:57:02  3655 190375 main.cpp:57] Installed as /Users/gopiy/Library/Android/sdk/platform-tools/adb
adb I 06-12 18:57:02  3655 190375 main.cpp:57] 
adb I 06-12 18:57:02  3655 190375 adb_auth_host.cpp:416] adb_auth_init...
adb I 06-12 18:57:02  3655 190375 adb_auth_host.cpp:174] read_key_file '/Users/gopiy/.android/adbkey'...
--- adb starting (pid 3539) ---
adb I 06-13 00:36:28  3539 63578 main.cpp:57] Android Debug Bridge version 1.0.39
adb I 06-13 00:36:28  3539 63578 main.cpp:57] Version 0.0.1-4500957
adb I 06-13 00:36:28  3539 63578 main.cpp:57] Installed as /Users/gopiy/Library/Android/sdk/platform-tools/adb
adb I 06-13 00:36:28  3539 63578 main.cpp:57] 
adb I 06-13 00:36:28  3539 63578 adb_auth_host.cpp:416] adb_auth_init...
adb I 06-13 00:36:28  3539 63578 adb_auth_host.cpp:174] read_key_file '/Users/gopiy/.android/adbkey'...
